This file contains any messages produced by compilers while
running configure, to aid debugging if configure makes a mistake.

It was created by ptf configure 1.0.0, which was
generated by GNU Autoconf 2.69.  Invocation command line was

  $ ./configure --no-create --no-recursion

## --------- ##
## Platform. ##
## --------- ##

hostname = bicc-scp
uname -m = x86_64
uname -r = 2.6.32-431.el6.x86_64
uname -s = Linux
uname -v = #1 SMP Sun Nov 10 22:19:54 EST 2013

/usr/bin/uname -p = unknown
/bin/uname -X     = unknown

/bin/arch              = x86_64
/usr/bin/arch -k       = unknown
/usr/convex/getsysinfo = unknown
/usr/bin/hostinfo      = unknown
/bin/machine           = unknown
/usr/bin/oslevel       = unknown
/bin/universe          = unknown

PATH: /home/chengg/postgre/bin
PATH: /home/hadoop/scala-2.10.3/bin
PATH: /home/hadoop/shark/bin
PATH: /usr/java/jdk1.8.0_131/bin
PATH: /usr/java/jdk1.7.0_79/bin
PATH: /usr/java/jdk1.7.0_79/jre/bin
PATH: /usr/lib64/qt-3.3/bin
PATH: /usr/dialogic/bin
PATH: /usr/local/bin
PATH: /bin
PATH: /usr/bin
PATH: /usr/local/sbin
PATH: /usr/sbin
PATH: /sbin
PATH: /home/chengg/bin
PATH: .
PATH: /home/chengg/cin/bin
PATH: /home/chengg/scf
PATH: /home/informix/bin
PATH: /home/chengg/redis/bin
PATH: /usr/bin
PATH: /home/chengg/apache-ant/bin
PATH: /home/chengg/apache-maven/bin
PATH: /usr/java/jdk1.8.0_131/bin
PATH: /usr/java/jdk1.8.0_131/jre/bin
PATH: /home/hadoop/hadoop-2.2.0/bin
PATH: /home/hadoop/hadoop-2.2.0/sbin
PATH: /home/hadoop/hive/bin
PATH: /home/hadoop/spark-0.9.1/bin
PATH: /usr/local/apache-maven/bin
PATH: /home/hadoop/hbase-0.96.2-hadoop2/bin
PATH: /home/chengg/flume/bin
PATH: /home/chengg/src/ptf/bin


## ----------- ##
## Core tests. ##
## ----------- ##

configure:2083: loading site script /usr/local/share/config.site
| # This file is a shell script that caches the results of configure
| # tests run on this system so they can be shared between configure
| # scripts and configure runs, see configure's option --config-cache.
| # It is not useful on other systems.  If it contains results you don't
| # want to keep, you may remove or edit it.
| #
| # config.status only pays attention to the cache file if you give it
| # the --recheck option to rerun configure.
| #
| # loading this file, other *unset* `ac_cv_foo' will be assigned the
| # following values.
| 
| ac_cv_build=${ac_cv_build=x86_64-unknown-linux-gnu}
| ac_cv_build_alias=${ac_cv_build_alias=x86_64-unknown-linux-gnu}
| ac_cv_c_compiler_gnu=${ac_cv_c_compiler_gnu=yes}
| ac_cv_c_const=${ac_cv_c_const=yes}
| ac_cv_c_inline=${ac_cv_c_inline=inline}
| ac_cv_c_volatile=${ac_cv_c_volatile=yes}
| ac_cv_cxx_compiler_gnu=${ac_cv_cxx_compiler_gnu=yes}
| ac_cv_exeext=${ac_cv_exeext=}
| ac_cv_f77_compiler_gnu=${ac_cv_f77_compiler_gnu=yes}
| ac_cv_func___argz_count=${ac_cv_func___argz_count=yes}
| ac_cv_func___argz_next=${ac_cv_func___argz_next=yes}
| ac_cv_func___argz_stringify=${ac_cv_func___argz_stringify=yes}
| ac_cv_func__doprnt=${ac_cv_func__doprnt=no}
| ac_cv_func_alarm=${ac_cv_func_alarm=yes}
| ac_cv_func_alloca_works=${ac_cv_func_alloca_works=yes}
| ac_cv_func_bzero=${ac_cv_func_bzero=yes}
| ac_cv_func_fork=${ac_cv_func_fork=yes}
| ac_cv_func_fork_works=${ac_cv_func_fork_works=yes}
| ac_cv_func_getcwd=${ac_cv_func_getcwd=yes}
| ac_cv_func_getpagesize=${ac_cv_func_getpagesize=yes}
| ac_cv_func_gettimeofday=${ac_cv_func_gettimeofday=yes}
| ac_cv_func_inet_ntoa=${ac_cv_func_inet_ntoa=yes}
| ac_cv_func_localtime_r=${ac_cv_func_localtime_r=yes}
| ac_cv_func_lstat_dereferences_slashed_symlink=${ac_cv_func_lstat_dereferences_slashed_symlink=yes}
| ac_cv_func_lstat_empty_string_bug=${ac_cv_func_lstat_empty_string_bug=no}
| ac_cv_func_malloc_0_nonnull=${ac_cv_func_malloc_0_nonnull=yes}
| ac_cv_func_memcmp_working=${ac_cv_func_memcmp_working=yes}
| ac_cv_func_mempcpy=${ac_cv_func_mempcpy=yes}
| ac_cv_func_memset=${ac_cv_func_memset=yes}
| ac_cv_func_mmap_fixed_mapped=${ac_cv_func_mmap_fixed_mapped=yes}
| ac_cv_func_munmap=${ac_cv_func_munmap=yes}
| ac_cv_func_nl_langinfo=${ac_cv_func_nl_langinfo=yes}
| ac_cv_func_realloc_0_nonnull=${ac_cv_func_realloc_0_nonnull=yes}
| ac_cv_func_select=${ac_cv_func_select=yes}
| ac_cv_func_select_args=${ac_cv_func_select_args='int,fd_set *,struct timeval *'}
| ac_cv_func_setlocale=${ac_cv_func_setlocale=yes}
| ac_cv_func_setpgrp_void=${ac_cv_func_setpgrp_void=yes}
| ac_cv_func_stat_empty_string_bug=${ac_cv_func_stat_empty_string_bug=no}
| ac_cv_func_stpcpy=${ac_cv_func_stpcpy=yes}
| ac_cv_func_strcasecmp=${ac_cv_func_strcasecmp=yes}
| ac_cv_func_strchr=${ac_cv_func_strchr=yes}
| ac_cv_func_strcspn=${ac_cv_func_strcspn=yes}
| ac_cv_func_strdup=${ac_cv_func_strdup=yes}
| ac_cv_func_strerror=${ac_cv_func_strerror=yes}
| ac_cv_func_strnlen_working=${ac_cv_func_strnlen_working=yes}
| ac_cv_func_strrchr=${ac_cv_func_strrchr=yes}
| ac_cv_func_strstr=${ac_cv_func_strstr=yes}
| ac_cv_func_strtol=${ac_cv_func_strtol=yes}
| ac_cv_func_strtoul=${ac_cv_func_strtoul=yes}
| ac_cv_func_vfork=${ac_cv_func_vfork=yes}
| ac_cv_func_vfork_works=${ac_cv_func_vfork_works=yes}
| ac_cv_func_vprintf=${ac_cv_func_vprintf=yes}
| ac_cv_header_argz_h=${ac_cv_header_argz_h=yes}
| ac_cv_header_arpa_inet_h=${ac_cv_header_arpa_inet_h=yes}
| ac_cv_header_dlfcn_h=${ac_cv_header_dlfcn_h=yes}
| ac_cv_header_fcntl_h=${ac_cv_header_fcntl_h=yes}
| ac_cv_header_float_h=${ac_cv_header_float_h=yes}
| ac_cv_header_inttypes_h=${ac_cv_header_inttypes_h=yes}
| ac_cv_header_langinfo_h=${ac_cv_header_langinfo_h=yes}
| ac_cv_header_libintl_h=${ac_cv_header_libintl_h=yes}
| ac_cv_header_limits_h=${ac_cv_header_limits_h=yes}
| ac_cv_header_locale_h=${ac_cv_header_locale_h=yes}
| ac_cv_header_malloc_h=${ac_cv_header_malloc_h=yes}
| ac_cv_header_memory_h=${ac_cv_header_memory_h=yes}
| ac_cv_header_netinet_in_h=${ac_cv_header_netinet_in_h=yes}
| ac_cv_header_stat_broken=${ac_cv_header_stat_broken=no}
| ac_cv_header_stdbool_h=${ac_cv_header_stdbool_h=yes}
| ac_cv_header_stdc=${ac_cv_header_stdc=yes}
| ac_cv_header_stddef_h=${ac_cv_header_stddef_h=yes}
| ac_cv_header_stdint_h=${ac_cv_header_stdint_h=yes}
| ac_cv_header_stdio_ext_h=${ac_cv_header_stdio_ext_h=yes}
| ac_cv_header_stdlib_h=${ac_cv_header_stdlib_h=yes}
| ac_cv_header_string_h=${ac_cv_header_string_h=yes}
| ac_cv_header_strings_h=${ac_cv_header_strings_h=yes}
| ac_cv_header_sys_ioctl_h=${ac_cv_header_sys_ioctl_h=yes}
| ac_cv_header_sys_mount_h=${ac_cv_header_sys_mount_h=yes}
| ac_cv_header_sys_param_h=${ac_cv_header_sys_param_h=yes}
| ac_cv_header_sys_select_h=${ac_cv_header_sys_select_h=yes}
| ac_cv_header_sys_socket_h=${ac_cv_header_sys_socket_h=yes}
| ac_cv_header_sys_stat_h=${ac_cv_header_sys_stat_h=yes}
| ac_cv_header_sys_time_h=${ac_cv_header_sys_time_h=yes}
| ac_cv_header_sys_types_h=${ac_cv_header_sys_types_h=yes}
| ac_cv_header_sys_types_h_makedev=${ac_cv_header_sys_types_h_makedev=yes}
| ac_cv_header_sys_wait_h=${ac_cv_header_sys_wait_h=yes}
| ac_cv_header_syslog_h=${ac_cv_header_syslog_h=yes}
| ac_cv_header_termios_h=${ac_cv_header_termios_h=yes}
| ac_cv_header_time=${ac_cv_header_time=yes}
| ac_cv_header_unistd_h=${ac_cv_header_unistd_h=yes}
| ac_cv_header_values_h=${ac_cv_header_values_h=yes}
| ac_cv_header_vfork_h=${ac_cv_header_vfork_h=no}
| ac_cv_header_wchar_h=${ac_cv_header_wchar_h=yes}
| ac_cv_lib_c_open=${ac_cv_lib_c_open=yes}
| ac_cv_lib_error_at_line=${ac_cv_lib_error_at_line=yes}
| ac_cv_lib_pthread_pthread_create=${ac_cv_lib_pthread_pthread_create=yes}
| ac_cv_member_struct_stat_st_blksize=${ac_cv_member_struct_stat_st_blksize=yes}
| ac_cv_member_struct_stat_st_blocks=${ac_cv_member_struct_stat_st_blocks=yes}
| ac_cv_member_struct_stat_st_rdev=${ac_cv_member_struct_stat_st_rdev=yes}
| ac_cv_objext=${ac_cv_objext=o}
| ac_cv_path_BZIP2_CMD=${ac_cv_path_BZIP2_CMD=/usr/bin/bzip2}
| ac_cv_path_GZIP_CMD=${ac_cv_path_GZIP_CMD=/bin/gzip}
| ac_cv_path_MAKEWHATIS=${ac_cv_path_MAKEWHATIS=/usr/sbin/makewhatis}
| ac_cv_path_ac_pt_AUTOM4TE=${ac_cv_path_ac_pt_AUTOM4TE=/usr/local/bin/autom4te}
| ac_cv_path_ac_pt_CHKCONFIG=${ac_cv_path_ac_pt_CHKCONFIG=/sbin/chkconfig}
| ac_cv_path_ac_pt_DEPMOD=${ac_cv_path_ac_pt_DEPMOD=/sbin/depmod}
| ac_cv_path_ac_pt_GPG=${ac_cv_path_ac_pt_GPG=/usr/bin/gpg}
| ac_cv_path_ac_pt_KGENKSYMS=${ac_cv_path_ac_pt_KGENKSYMS=/lib/modules/2.6.32-431.el6.x86_64/build/scripts/genksyms/genksyms}
| ac_cv_path_ac_pt_LDCONFIG=${ac_cv_path_ac_pt_LDCONFIG=/sbin/ldconfig}
| ac_cv_path_ac_pt_LSMOD=${ac_cv_path_ac_pt_LSMOD=/sbin/lsmod}
| ac_cv_path_ac_pt_LSOF=${ac_cv_path_ac_pt_LSOF=/usr/sbin/lsof}
| ac_cv_path_ac_pt_MODPROBE=${ac_cv_path_ac_pt_MODPROBE=/sbin/modprobe}
| ac_cv_path_ac_pt_NM=${ac_cv_path_ac_pt_NM='/usr/bin/nm -B'}
| ac_cv_path_ac_pt_OBJDUMP=${ac_cv_path_ac_pt_OBJDUMP=/usr/bin/objdump}
| ac_cv_path_ac_pt_RPM=${ac_cv_path_ac_pt_RPM=/bin/rpm}
| ac_cv_path_install=${ac_cv_path_install='/usr/bin/install -c'}
| ac_cv_prog_AWK=${ac_cv_prog_AWK=gawk}
| ac_cv_prog_CPP=${ac_cv_prog_CPP='gcc -E'}
| ac_cv_prog_CXXCPP=${ac_cv_prog_CXXCPP='g++ -E'}
| ac_cv_prog_YACC=${ac_cv_prog_YACC='bison -y'}
| ac_cv_prog_ac_ct_AR=${ac_cv_prog_ac_ct_AR=ar}
| ac_cv_prog_ac_ct_CC=${ac_cv_prog_ac_ct_CC=gcc}
| ac_cv_prog_ac_ct_CXX=${ac_cv_prog_ac_ct_CXX=g++}
| ac_cv_prog_ac_ct_F77=${ac_cv_prog_ac_ct_F77=f95}
| ac_cv_prog_ac_ct_RANLIB=${ac_cv_prog_ac_ct_RANLIB=ranlib}
| ac_cv_prog_ac_ct_STRIP=${ac_cv_prog_ac_ct_STRIP=strip}
| ac_cv_prog_cc_g=${ac_cv_prog_cc_g=yes}
| ac_cv_prog_cc_gcc_c_o=${ac_cv_prog_cc_gcc_c_o=yes}
| ac_cv_prog_cc_stdc=${ac_cv_prog_cc_stdc=}
| ac_cv_prog_cxx_g=${ac_cv_prog_cxx_g=yes}
| ac_cv_prog_egrep=${ac_cv_prog_egrep='grep -E'}
| ac_cv_prog_f77_g=${ac_cv_prog_f77_g=yes}
| ac_cv_prog_gcc_traditional=${ac_cv_prog_gcc_traditional=no}
| ac_cv_prog_make_make_set=${ac_cv_prog_make_make_set=yes}
| ac_cv_struct_tm=${ac_cv_struct_tm=time.h}
| ac_cv_type__Bool=${ac_cv_type__Bool=yes}
| ac_cv_type_mode_t=${ac_cv_type_mode_t=yes}
| ac_cv_type_off_t=${ac_cv_type_off_t=yes}
| ac_cv_type_pid_t=${ac_cv_type_pid_t=yes}
| ac_cv_type_ptrdiff_t=${ac_cv_type_ptrdiff_t=yes}
| ac_cv_type_signal=${ac_cv_type_signal=void}
| ac_cv_type_size_t=${ac_cv_type_size_t=yes}
| ac_cv_type_uid_t=${ac_cv_type_uid_t=yes}
| ac_cv_working_alloca_h=${ac_cv_working_alloca_h=yes}
| am_cv_CC_dependencies_compiler_type=${am_cv_CC_dependencies_compiler_type=gcc3}
| am_cv_CXX_dependencies_compiler_type=${am_cv_CXX_dependencies_compiler_type=gcc3}
| dist_cv_build_codename=${dist_cv_build_codename=Santiago}
| dist_cv_build_cpu=${dist_cv_build_cpu=x86_64}
| dist_cv_build_distrib=${dist_cv_build_distrib='Red Hat Linux'}
| dist_cv_build_flavor=${dist_cv_build_flavor=redhat}
| dist_cv_build_issue_file=${dist_cv_build_issue_file=/etc/issue}
| dist_cv_build_lsb_file=${dist_cv_build_lsb_file=/etc/lsb-release}
| dist_cv_build_rel_file=${dist_cv_build_rel_file=/etc/redhat-release}
| dist_cv_build_release=${dist_cv_build_release=6.5}
| dist_cv_build_vendor=${dist_cv_build_vendor=redhat}
| dist_cv_host_codename=${dist_cv_host_codename=Santiago}
| dist_cv_host_cpu=${dist_cv_host_cpu=x86_64}
| dist_cv_host_distrib=${dist_cv_host_distrib='Red Hat Linux'}
| dist_cv_host_flavor=${dist_cv_host_flavor=redhat}
| dist_cv_host_issue_file=${dist_cv_host_issue_file=/etc/issue}
| dist_cv_host_lsb_file=${dist_cv_host_lsb_file=/etc/lsb-release}
| dist_cv_host_rel_file=${dist_cv_host_rel_file=/etc/redhat-release}
| dist_cv_host_release=${dist_cv_host_release=6.5}
| dist_cv_host_vendor=${dist_cv_host_vendor=redhat}
| lt_cv_deplibs_check_method=${lt_cv_deplibs_check_method=pass_all}
| lt_cv_file_magic_cmd=${lt_cv_file_magic_cmd='$MAGIC_CMD'}
| lt_cv_file_magic_test_file=${lt_cv_file_magic_test_file=}
| lt_cv_ld_reload_flag=${lt_cv_ld_reload_flag=-r}
| lt_cv_objdir=${lt_cv_objdir=.libs}
| lt_cv_path_LD=${lt_cv_path_LD=/usr/bin/ld}
| lt_cv_path_LDCXX=${lt_cv_path_LDCXX='/usr/bin/ld -m elf_x86_64'}
| lt_cv_path_NM=${lt_cv_path_NM='/usr/bin/nm -B'}
| lt_cv_path_SED=${lt_cv_path_SED=/bin/sed}
| lt_cv_prog_compiler_c_o=${lt_cv_prog_compiler_c_o=yes}
| lt_cv_prog_compiler_c_o_CXX=${lt_cv_prog_compiler_c_o_CXX=yes}
| lt_cv_prog_compiler_c_o_F77=${lt_cv_prog_compiler_c_o_F77=yes}
| lt_cv_prog_compiler_rtti_exceptions=${lt_cv_prog_compiler_rtti_exceptions=no}
| lt_cv_prog_gnu_ld=${lt_cv_prog_gnu_ld=yes}
| lt_cv_prog_gnu_ldcxx=${lt_cv_prog_gnu_ldcxx=yes}
| lt_cv_sys_global_symbol_pipe=${lt_cv_sys_global_symbol_pipe='sed -n -e '\''s/^.*[ 	]\([ABCDGIRSTW][ABCDGIRSTW]*\)[ 	][ 	]*\([_A-Za-z][_A-Za-z0-9]*\)$/\1 \2 \2/p'\'''}
| test "${lt_cv_sys_global_symbol_to_c_name_address+set}" = set || lt_cv_sys_global_symbol_to_c_name_address='sed -n -e '\''s/^: \([^ ]*\) $/  {\"\1\", (lt_ptr) 0},/p'\'' -e '\''s/^[BCDEGRST] \([^ ]*\) \([^ ]*\)$/  {"\2", (lt_ptr) \&\2},/p'\'''
| lt_cv_sys_global_symbol_to_cdecl=${lt_cv_sys_global_symbol_to_cdecl='sed -n -e '\''s/^. .* \(.*\)$/extern int \1;/p'\'''}
| lt_cv_sys_max_cmd_len=${lt_cv_sys_max_cmd_len=32768}
| lt_lt_cv_prog_compiler_c_o=${lt_lt_cv_prog_compiler_c_o='"yes"'}
| lt_lt_cv_prog_compiler_c_o_CXX=${lt_lt_cv_prog_compiler_c_o_CXX='"yes"'}
| lt_lt_cv_prog_compiler_c_o_F77=${lt_lt_cv_prog_compiler_c_o_F77='"yes"'}
| lt_lt_cv_sys_global_symbol_pipe=${lt_lt_cv_sys_global_symbol_pipe='"sed -n -e '\''s/^.*[ 	]\\([ABCDGIRSTW][ABCDGIRSTW]*\\)[ 	][ 	]*\\([_A-Za-z][_A-Za-z0-9]*\\)\$/\\1 \\2 \\2/p'\''"'}
| test "${lt_lt_cv_sys_global_symbol_to_c_name_address+set}" = set || lt_lt_cv_sys_global_symbol_to_c_name_address='"sed -n -e '\''s/^: \\([^ ]*\\) \$/  {\\\"\\1\\\", (lt_ptr) 0},/p'\'' -e '\''s/^[BCDEGRST] \\([^ ]*\\) \\([^ ]*\\)\$/  {\"\\2\", (lt_ptr) \\&\\2},/p'\''"'
| lt_lt_cv_sys_global_symbol_to_cdecl=${lt_lt_cv_sys_global_symbol_to_cdecl='"sed -n -e '\''s/^. .* \\(.*\\)\$/extern int \\1;/p'\''"'}
configure:2083: loading site script /usr/local/etc/config.site
| # This file is a shell script that caches the results of configure
| # tests run on this system so they can be shared between configure
| # scripts and configure runs, see configure's option --config-cache.
| # It is not useful on other systems.  If it contains results you don't
| # want to keep, you may remove or edit it.
| #
| # config.status only pays attention to the cache file if you give it
| # the --recheck option to rerun configure.
| #
| # loading this file, other *unset* `ac_cv_foo' will be assigned the
| # following values.
| 
| ac_cv_build=${ac_cv_build=x86_64-unknown-linux-gnu}
| ac_cv_build_alias=${ac_cv_build_alias=x86_64-unknown-linux-gnu}
| ac_cv_c_compiler_gnu=${ac_cv_c_compiler_gnu=yes}
| ac_cv_c_const=${ac_cv_c_const=yes}
| ac_cv_c_inline=${ac_cv_c_inline=inline}
| ac_cv_c_volatile=${ac_cv_c_volatile=yes}
| ac_cv_cxx_compiler_gnu=${ac_cv_cxx_compiler_gnu=yes}
| ac_cv_exeext=${ac_cv_exeext=}
| ac_cv_f77_compiler_gnu=${ac_cv_f77_compiler_gnu=yes}
| ac_cv_func___argz_count=${ac_cv_func___argz_count=yes}
| ac_cv_func___argz_next=${ac_cv_func___argz_next=yes}
| ac_cv_func___argz_stringify=${ac_cv_func___argz_stringify=yes}
| ac_cv_func__doprnt=${ac_cv_func__doprnt=no}
| ac_cv_func_alarm=${ac_cv_func_alarm=yes}
| ac_cv_func_alloca_works=${ac_cv_func_alloca_works=yes}
| ac_cv_func_bzero=${ac_cv_func_bzero=yes}
| ac_cv_func_fork=${ac_cv_func_fork=yes}
| ac_cv_func_fork_works=${ac_cv_func_fork_works=yes}
| ac_cv_func_getcwd=${ac_cv_func_getcwd=yes}
| ac_cv_func_getpagesize=${ac_cv_func_getpagesize=yes}
| ac_cv_func_gettimeofday=${ac_cv_func_gettimeofday=yes}
| ac_cv_func_inet_ntoa=${ac_cv_func_inet_ntoa=yes}
| ac_cv_func_localtime_r=${ac_cv_func_localtime_r=yes}
| ac_cv_func_lstat_dereferences_slashed_symlink=${ac_cv_func_lstat_dereferences_slashed_symlink=yes}
| ac_cv_func_lstat_empty_string_bug=${ac_cv_func_lstat_empty_string_bug=no}
| ac_cv_func_malloc_0_nonnull=${ac_cv_func_malloc_0_nonnull=yes}
| ac_cv_func_memcmp_working=${ac_cv_func_memcmp_working=yes}
| ac_cv_func_mempcpy=${ac_cv_func_mempcpy=yes}
| ac_cv_func_memset=${ac_cv_func_memset=yes}
| ac_cv_func_mmap_fixed_mapped=${ac_cv_func_mmap_fixed_mapped=yes}
| ac_cv_func_munmap=${ac_cv_func_munmap=yes}
| ac_cv_func_nl_langinfo=${ac_cv_func_nl_langinfo=yes}
| ac_cv_func_realloc_0_nonnull=${ac_cv_func_realloc_0_nonnull=yes}
| ac_cv_func_select=${ac_cv_func_select=yes}
| ac_cv_func_select_args=${ac_cv_func_select_args='int,fd_set *,struct timeval *'}
| ac_cv_func_setlocale=${ac_cv_func_setlocale=yes}
| ac_cv_func_setpgrp_void=${ac_cv_func_setpgrp_void=yes}
| ac_cv_func_stat_empty_string_bug=${ac_cv_func_stat_empty_string_bug=no}
| ac_cv_func_stpcpy=${ac_cv_func_stpcpy=yes}
| ac_cv_func_strcasecmp=${ac_cv_func_strcasecmp=yes}
| ac_cv_func_strchr=${ac_cv_func_strchr=yes}
| ac_cv_func_strcspn=${ac_cv_func_strcspn=yes}
| ac_cv_func_strdup=${ac_cv_func_strdup=yes}
| ac_cv_func_strerror=${ac_cv_func_strerror=yes}
| ac_cv_func_strnlen_working=${ac_cv_func_strnlen_working=yes}
| ac_cv_func_strrchr=${ac_cv_func_strrchr=yes}
| ac_cv_func_strstr=${ac_cv_func_strstr=yes}
| ac_cv_func_strtol=${ac_cv_func_strtol=yes}
| ac_cv_func_strtoul=${ac_cv_func_strtoul=yes}
| ac_cv_func_vfork=${ac_cv_func_vfork=yes}
| ac_cv_func_vfork_works=${ac_cv_func_vfork_works=yes}
| ac_cv_func_vprintf=${ac_cv_func_vprintf=yes}
| ac_cv_header_argz_h=${ac_cv_header_argz_h=yes}
| ac_cv_header_arpa_inet_h=${ac_cv_header_arpa_inet_h=yes}
| ac_cv_header_dlfcn_h=${ac_cv_header_dlfcn_h=yes}
| ac_cv_header_fcntl_h=${ac_cv_header_fcntl_h=yes}
| ac_cv_header_float_h=${ac_cv_header_float_h=yes}
| ac_cv_header_inttypes_h=${ac_cv_header_inttypes_h=yes}
| ac_cv_header_langinfo_h=${ac_cv_header_langinfo_h=yes}
| ac_cv_header_libintl_h=${ac_cv_header_libintl_h=yes}
| ac_cv_header_limits_h=${ac_cv_header_limits_h=yes}
| ac_cv_header_locale_h=${ac_cv_header_locale_h=yes}
| ac_cv_header_malloc_h=${ac_cv_header_malloc_h=yes}
| ac_cv_header_memory_h=${ac_cv_header_memory_h=yes}
| ac_cv_header_netinet_in_h=${ac_cv_header_netinet_in_h=yes}
| ac_cv_header_stat_broken=${ac_cv_header_stat_broken=no}
| ac_cv_header_stdbool_h=${ac_cv_header_stdbool_h=yes}
| ac_cv_header_stdc=${ac_cv_header_stdc=yes}
| ac_cv_header_stddef_h=${ac_cv_header_stddef_h=yes}
| ac_cv_header_stdint_h=${ac_cv_header_stdint_h=yes}
| ac_cv_header_stdio_ext_h=${ac_cv_header_stdio_ext_h=yes}
| ac_cv_header_stdlib_h=${ac_cv_header_stdlib_h=yes}
| ac_cv_header_string_h=${ac_cv_header_string_h=yes}
| ac_cv_header_strings_h=${ac_cv_header_strings_h=yes}
| ac_cv_header_sys_ioctl_h=${ac_cv_header_sys_ioctl_h=yes}
| ac_cv_header_sys_mount_h=${ac_cv_header_sys_mount_h=yes}
| ac_cv_header_sys_param_h=${ac_cv_header_sys_param_h=yes}
| ac_cv_header_sys_select_h=${ac_cv_header_sys_select_h=yes}
| ac_cv_header_sys_socket_h=${ac_cv_header_sys_socket_h=yes}
| ac_cv_header_sys_stat_h=${ac_cv_header_sys_stat_h=yes}
| ac_cv_header_sys_time_h=${ac_cv_header_sys_time_h=yes}
| ac_cv_header_sys_types_h=${ac_cv_header_sys_types_h=yes}
| ac_cv_header_sys_types_h_makedev=${ac_cv_header_sys_types_h_makedev=yes}
| ac_cv_header_sys_wait_h=${ac_cv_header_sys_wait_h=yes}
| ac_cv_header_syslog_h=${ac_cv_header_syslog_h=yes}
| ac_cv_header_termios_h=${ac_cv_header_termios_h=yes}
| ac_cv_header_time=${ac_cv_header_time=yes}
| ac_cv_header_unistd_h=${ac_cv_header_unistd_h=yes}
| ac_cv_header_values_h=${ac_cv_header_values_h=yes}
| ac_cv_header_vfork_h=${ac_cv_header_vfork_h=no}
| ac_cv_header_wchar_h=${ac_cv_header_wchar_h=yes}
| ac_cv_lib_c_open=${ac_cv_lib_c_open=yes}
| ac_cv_lib_error_at_line=${ac_cv_lib_error_at_line=yes}
| ac_cv_lib_pthread_pthread_create=${ac_cv_lib_pthread_pthread_create=yes}
| ac_cv_member_struct_stat_st_blksize=${ac_cv_member_struct_stat_st_blksize=yes}
| ac_cv_member_struct_stat_st_blocks=${ac_cv_member_struct_stat_st_blocks=yes}
| ac_cv_member_struct_stat_st_rdev=${ac_cv_member_struct_stat_st_rdev=yes}
| ac_cv_objext=${ac_cv_objext=o}
| ac_cv_path_BZIP2_CMD=${ac_cv_path_BZIP2_CMD=/usr/bin/bzip2}
| ac_cv_path_GZIP_CMD=${ac_cv_path_GZIP_CMD=/bin/gzip}
| ac_cv_path_MAKEWHATIS=${ac_cv_path_MAKEWHATIS=/usr/sbin/makewhatis}
| ac_cv_path_ac_pt_AUTOM4TE=${ac_cv_path_ac_pt_AUTOM4TE=/usr/local/bin/autom4te}
| ac_cv_path_ac_pt_CHKCONFIG=${ac_cv_path_ac_pt_CHKCONFIG=/sbin/chkconfig}
| ac_cv_path_ac_pt_DEPMOD=${ac_cv_path_ac_pt_DEPMOD=/sbin/depmod}
| ac_cv_path_ac_pt_GPG=${ac_cv_path_ac_pt_GPG=/usr/bin/gpg}
| ac_cv_path_ac_pt_KGENKSYMS=${ac_cv_path_ac_pt_KGENKSYMS=/lib/modules/2.6.32-431.el6.x86_64/build/scripts/genksyms/genksyms}
| ac_cv_path_ac_pt_LDCONFIG=${ac_cv_path_ac_pt_LDCONFIG=/sbin/ldconfig}
| ac_cv_path_ac_pt_LSMOD=${ac_cv_path_ac_pt_LSMOD=/sbin/lsmod}
| ac_cv_path_ac_pt_LSOF=${ac_cv_path_ac_pt_LSOF=/usr/sbin/lsof}
| ac_cv_path_ac_pt_MODPROBE=${ac_cv_path_ac_pt_MODPROBE=/sbin/modprobe}
| ac_cv_path_ac_pt_NM=${ac_cv_path_ac_pt_NM='/usr/bin/nm -B'}
| ac_cv_path_ac_pt_OBJDUMP=${ac_cv_path_ac_pt_OBJDUMP=/usr/bin/objdump}
| ac_cv_path_ac_pt_RPM=${ac_cv_path_ac_pt_RPM=/bin/rpm}
| ac_cv_path_install=${ac_cv_path_install='/usr/bin/install -c'}
| ac_cv_prog_AWK=${ac_cv_prog_AWK=gawk}
| ac_cv_prog_CPP=${ac_cv_prog_CPP='gcc -E'}
| ac_cv_prog_CXXCPP=${ac_cv_prog_CXXCPP='g++ -E'}
| ac_cv_prog_YACC=${ac_cv_prog_YACC='bison -y'}
| ac_cv_prog_ac_ct_AR=${ac_cv_prog_ac_ct_AR=ar}
| ac_cv_prog_ac_ct_CC=${ac_cv_prog_ac_ct_CC=gcc}
| ac_cv_prog_ac_ct_CXX=${ac_cv_prog_ac_ct_CXX=g++}
| ac_cv_prog_ac_ct_F77=${ac_cv_prog_ac_ct_F77=f95}
| ac_cv_prog_ac_ct_RANLIB=${ac_cv_prog_ac_ct_RANLIB=ranlib}
| ac_cv_prog_ac_ct_STRIP=${ac_cv_prog_ac_ct_STRIP=strip}
| ac_cv_prog_cc_g=${ac_cv_prog_cc_g=yes}
| ac_cv_prog_cc_gcc_c_o=${ac_cv_prog_cc_gcc_c_o=yes}
| ac_cv_prog_cc_stdc=${ac_cv_prog_cc_stdc=}
| ac_cv_prog_cxx_g=${ac_cv_prog_cxx_g=yes}
| ac_cv_prog_egrep=${ac_cv_prog_egrep='grep -E'}
| ac_cv_prog_f77_g=${ac_cv_prog_f77_g=yes}
| ac_cv_prog_gcc_traditional=${ac_cv_prog_gcc_traditional=no}
| ac_cv_prog_make_make_set=${ac_cv_prog_make_make_set=yes}
| ac_cv_struct_tm=${ac_cv_struct_tm=time.h}
| ac_cv_type__Bool=${ac_cv_type__Bool=yes}
| ac_cv_type_mode_t=${ac_cv_type_mode_t=yes}
| ac_cv_type_off_t=${ac_cv_type_off_t=yes}
| ac_cv_type_pid_t=${ac_cv_type_pid_t=yes}
| ac_cv_type_ptrdiff_t=${ac_cv_type_ptrdiff_t=yes}
| ac_cv_type_signal=${ac_cv_type_signal=void}
| ac_cv_type_size_t=${ac_cv_type_size_t=yes}
| ac_cv_type_uid_t=${ac_cv_type_uid_t=yes}
| ac_cv_working_alloca_h=${ac_cv_working_alloca_h=yes}
| am_cv_CC_dependencies_compiler_type=${am_cv_CC_dependencies_compiler_type=gcc3}
| am_cv_CXX_dependencies_compiler_type=${am_cv_CXX_dependencies_compiler_type=gcc3}
| dist_cv_build_codename=${dist_cv_build_codename=Santiago}
| dist_cv_build_cpu=${dist_cv_build_cpu=x86_64}
| dist_cv_build_distrib=${dist_cv_build_distrib='Red Hat Linux'}
| dist_cv_build_flavor=${dist_cv_build_flavor=redhat}
| dist_cv_build_issue_file=${dist_cv_build_issue_file=/etc/issue}
| dist_cv_build_lsb_file=${dist_cv_build_lsb_file=/etc/lsb-release}
| dist_cv_build_rel_file=${dist_cv_build_rel_file=/etc/redhat-release}
| dist_cv_build_release=${dist_cv_build_release=6.5}
| dist_cv_build_vendor=${dist_cv_build_vendor=redhat}
| dist_cv_host_codename=${dist_cv_host_codename=Santiago}
| dist_cv_host_cpu=${dist_cv_host_cpu=x86_64}
| dist_cv_host_distrib=${dist_cv_host_distrib='Red Hat Linux'}
| dist_cv_host_flavor=${dist_cv_host_flavor=redhat}
| dist_cv_host_issue_file=${dist_cv_host_issue_file=/etc/issue}
| dist_cv_host_lsb_file=${dist_cv_host_lsb_file=/etc/lsb-release}
| dist_cv_host_rel_file=${dist_cv_host_rel_file=/etc/redhat-release}
| dist_cv_host_release=${dist_cv_host_release=6.5}
| dist_cv_host_vendor=${dist_cv_host_vendor=redhat}
| lt_cv_deplibs_check_method=${lt_cv_deplibs_check_method=pass_all}
| lt_cv_file_magic_cmd=${lt_cv_file_magic_cmd='$MAGIC_CMD'}
| lt_cv_file_magic_test_file=${lt_cv_file_magic_test_file=}
| lt_cv_ld_reload_flag=${lt_cv_ld_reload_flag=-r}
| lt_cv_objdir=${lt_cv_objdir=.libs}
| lt_cv_path_LD=${lt_cv_path_LD=/usr/bin/ld}
| lt_cv_path_LDCXX=${lt_cv_path_LDCXX='/usr/bin/ld -m elf_x86_64'}
| lt_cv_path_NM=${lt_cv_path_NM='/usr/bin/nm -B'}
| lt_cv_path_SED=${lt_cv_path_SED=/bin/sed}
| lt_cv_prog_compiler_c_o=${lt_cv_prog_compiler_c_o=yes}
| lt_cv_prog_compiler_c_o_CXX=${lt_cv_prog_compiler_c_o_CXX=yes}
| lt_cv_prog_compiler_c_o_F77=${lt_cv_prog_compiler_c_o_F77=yes}
| lt_cv_prog_compiler_rtti_exceptions=${lt_cv_prog_compiler_rtti_exceptions=no}
| lt_cv_prog_gnu_ld=${lt_cv_prog_gnu_ld=yes}
| lt_cv_prog_gnu_ldcxx=${lt_cv_prog_gnu_ldcxx=yes}
| lt_cv_sys_global_symbol_pipe=${lt_cv_sys_global_symbol_pipe='sed -n -e '\''s/^.*[ 	]\([ABCDGIRSTW][ABCDGIRSTW]*\)[ 	][ 	]*\([_A-Za-z][_A-Za-z0-9]*\)$/\1 \2 \2/p'\'''}
| test "${lt_cv_sys_global_symbol_to_c_name_address+set}" = set || lt_cv_sys_global_symbol_to_c_name_address='sed -n -e '\''s/^: \([^ ]*\) $/  {\"\1\", (lt_ptr) 0},/p'\'' -e '\''s/^[BCDEGRST] \([^ ]*\) \([^ ]*\)$/  {"\2", (lt_ptr) \&\2},/p'\'''
| lt_cv_sys_global_symbol_to_cdecl=${lt_cv_sys_global_symbol_to_cdecl='sed -n -e '\''s/^. .* \(.*\)$/extern int \1;/p'\'''}
| lt_cv_sys_max_cmd_len=${lt_cv_sys_max_cmd_len=32768}
| lt_lt_cv_prog_compiler_c_o=${lt_lt_cv_prog_compiler_c_o='"yes"'}
| lt_lt_cv_prog_compiler_c_o_CXX=${lt_lt_cv_prog_compiler_c_o_CXX='"yes"'}
| lt_lt_cv_prog_compiler_c_o_F77=${lt_lt_cv_prog_compiler_c_o_F77='"yes"'}
| lt_lt_cv_sys_global_symbol_pipe=${lt_lt_cv_sys_global_symbol_pipe='"sed -n -e '\''s/^.*[ 	]\\([ABCDGIRSTW][ABCDGIRSTW]*\\)[ 	][ 	]*\\([_A-Za-z][_A-Za-z0-9]*\\)\$/\\1 \\2 \\2/p'\''"'}
| test "${lt_lt_cv_sys_global_symbol_to_c_name_address+set}" = set || lt_lt_cv_sys_global_symbol_to_c_name_address='"sed -n -e '\''s/^: \\([^ ]*\\) \$/  {\\\"\\1\\\", (lt_ptr) 0},/p'\'' -e '\''s/^[BCDEGRST] \\([^ ]*\\) \\([^ ]*\\)\$/  {\"\\2\", (lt_ptr) \\&\\2},/p'\''"'
| lt_lt_cv_sys_global_symbol_to_cdecl=${lt_lt_cv_sys_global_symbol_to_cdecl='"sed -n -e '\''s/^. .* \\(.*\\)\$/extern int \\1;/p'\''"'}
configure:2224: checking for a BSD-compatible install
configure:2292: result: /usr/bin/install -c
configure:2303: checking whether build environment is sane
configure:2358: result: yes
configure:2509: checking for a thread-safe mkdir -p
configure:2548: result: /bin/mkdir -p
configure:2555: checking for gawk
configure:2582: result: gawk
configure:2593: checking whether make sets $(MAKE)
configure:2615: result: yes
configure:2644: checking whether make supports nested variables
configure:2661: result: yes
configure:2964: checking for g++
configure:2991: result: g++
configure:3018: checking for C++ compiler version
configure:3027: g++ --version >&5
g++ (GCC) 4.4.7 20120313 (Red Hat 4.4.7-4)
Copyright (C) 2010 Free Software Foundation, Inc.
This is free software; see the source for copying conditions.  There is NO
warranty; not even for MERCHANTABILITY or FITNESS FOR A PARTICULAR PURPOSE.

configure:3038: $? = 0
configure:3027: g++ -v >&5
Using built-in specs.
Target: x86_64-redhat-linux
Configured with: ../configure --prefix=/usr --mandir=/usr/share/man --infodir=/usr/share/info --with-bugurl=http://bugzilla.redhat.com/bugzilla --enable-bootstrap --enable-shared --enable-threads=posix --enable-checking=release --with-system-zlib --enable-__cxa_atexit --disable-libunwind-exceptions --enable-gnu-unique-object --enable-languages=c,c++,objc,obj-c++,java,fortran,ada --enable-java-awt=gtk --disable-dssi --with-java-home=/usr/lib/jvm/java-1.5.0-gcj-1.5.0.0/jre --enable-libgcj-multifile --enable-java-maintainer-mode --with-ecj-jar=/usr/share/java/eclipse-ecj.jar --disable-libjava-multilib --with-ppl --with-cloog --with-tune=generic --with-arch_32=i686 --build=x86_64-redhat-linux
Thread model: posix
gcc version 4.4.7 20120313 (Red Hat 4.4.7-4) (GCC) 
configure:3038: $? = 0
configure:3027: g++ -V >&5
g++: '-V' option must have argument
configure:3038: $? = 1
configure:3027: g++ -qversion >&5
g++: unrecognized option '-qversion'
g++: no input files
configure:3038: $? = 1
configure:3058: checking whether the C++ compiler works
configure:3080: g++    conftest.cpp  >&5
configure:3084: $? = 0
configure:3132: result: yes
configure:3135: checking for C++ compiler default output file name
configure:3137: result: a.out
configure:3143: checking for suffix of executables
configure:3150: g++ -o conftest    conftest.cpp  >&5
configure:3154: $? = 0
configure:3176: result: 
configure:3198: checking whether we are cross compiling
configure:3206: g++ -o conftest    conftest.cpp  >&5
configure:3210: $? = 0
configure:3217: ./conftest
configure:3221: $? = 0
configure:3236: result: no
configure:3241: checking for suffix of object files
configure:3288: result: o
configure:3292: checking whether we are using the GNU C++ compiler
configure:3320: result: yes
configure:3329: checking whether g++ accepts -g
configure:3390: result: yes
configure:3424: checking for style of include used by make
configure:3452: result: GNU
configure:3478: checking dependency style of g++
configure:3589: result: gcc3
configure:3606: checking dependency style of g++
configure:3717: result: gcc3
configure:3782: checking for gcc
configure:3809: result: gcc
configure:4038: checking for C compiler version
configure:4047: gcc --version >&5
gcc (GCC) 4.4.7 20120313 (Red Hat 4.4.7-4)
Copyright (C) 2010 Free Software Foundation, Inc.
This is free software; see the source for copying conditions.  There is NO
warranty; not even for MERCHANTABILITY or FITNESS FOR A PARTICULAR PURPOSE.

configure:4058: $? = 0
configure:4047: gcc -v >&5
Using built-in specs.
Target: x86_64-redhat-linux
Configured with: ../configure --prefix=/usr --mandir=/usr/share/man --infodir=/usr/share/info --with-bugurl=http://bugzilla.redhat.com/bugzilla --enable-bootstrap --enable-shared --enable-threads=posix --enable-checking=release --with-system-zlib --enable-__cxa_atexit --disable-libunwind-exceptions --enable-gnu-unique-object --enable-languages=c,c++,objc,obj-c++,java,fortran,ada --enable-java-awt=gtk --disable-dssi --with-java-home=/usr/lib/jvm/java-1.5.0-gcj-1.5.0.0/jre --enable-libgcj-multifile --enable-java-maintainer-mode --with-ecj-jar=/usr/share/java/eclipse-ecj.jar --disable-libjava-multilib --with-ppl --with-cloog --with-tune=generic --with-arch_32=i686 --build=x86_64-redhat-linux
Thread model: posix
gcc version 4.4.7 20120313 (Red Hat 4.4.7-4) (GCC) 
configure:4058: $? = 0
configure:4047: gcc -V >&5
gcc: '-V' option must have argument
configure:4058: $? = 1
configure:4047: gcc -qversion >&5
gcc: unrecognized option '-qversion'
gcc: no input files
configure:4058: $? = 1
configure:4062: checking whether we are using the GNU C compiler
configure:4090: result: yes
configure:4099: checking whether gcc accepts -g
configure:4160: result: yes
configure:4177: checking for gcc option to accept ISO C89
configure:4240: gcc  -c -g -O2  conftest.c >&5
configure:4240: $? = 0
configure:4253: result: none needed
configure:4278: checking whether gcc understands -c and -o together
configure:4300: gcc -c conftest.c -o conftest2.o
configure:4303: $? = 0
configure:4300: gcc -c conftest.c -o conftest2.o
configure:4303: $? = 0
configure:4315: result: yes
configure:4334: checking dependency style of gcc
configure:4445: result: gcc3
configure:4462: checking dependency style of gcc
configure:4573: result: gcc3
configure:4589: checking for config_init in -lconfig
configure:4614: gcc -o conftest -g -O2   conftest.c -lconfig   >&5
configure:4614: $? = 0
configure:4623: result: yes
configure:4636: checking for event_base_new in -levent
configure:4661: gcc -o conftest -g -O2   conftest.c -levent  -lconfig  >&5
configure:4661: $? = 0
configure:4670: result: yes
configure:4683: checking for xmlNewDoc in -lxml2
configure:4708: gcc -o conftest -g -O2   conftest.c -lxml2  -levent -lconfig  >&5
configure:4708: $? = 0
configure:4717: result: yes
configure:4737: checking how to run the C preprocessor
configure:4807: result: gcc -E
configure:4827: gcc -E  conftest.c
configure:4827: $? = 0
configure:4841: gcc -E  conftest.c
conftest.c:16:28: error: ac_nonexistent.h: No such file or directory
configure:4841: $? = 1
configure: failed program was:
| /* confdefs.h */
| #define PACKAGE_NAME "ptf"
| #define PACKAGE_TARNAME "ptf"
| #define PACKAGE_VERSION "1.0.0"
| #define PACKAGE_STRING "ptf 1.0.0"
| #define PACKAGE_BUGREPORT "chiron_me@126.com"
| #define PACKAGE_URL ""
| #define PACKAGE "ptf"
| #define VERSION "1.0.0"
| #define PACKAGE "ptf"
| #define VERSION "1.0.0"
| #define HAVE_LIBCONFIG 1
| #define HAVE_LIBEVENT 1
| #define HAVE_LIBXML2 1
| /* end confdefs.h.  */
| #include <ac_nonexistent.h>
configure:4870: checking for grep that handles long lines and -e
configure:4928: result: /bin/grep
configure:4933: checking for egrep
configure:4995: result: /bin/grep -E
configure:5000: checking for ANSI C header files
configure:5104: result: yes
configure:5117: checking for sys/types.h
configure:5117: result: yes
configure:5117: checking for sys/stat.h
configure:5117: result: yes
configure:5117: checking for stdlib.h
configure:5117: result: yes
configure:5117: checking for string.h
configure:5117: result: yes
configure:5117: checking for memory.h
configure:5117: result: yes
configure:5117: checking for strings.h
configure:5117: result: yes
configure:5117: checking for inttypes.h
configure:5117: result: yes
configure:5117: checking for stdint.h
configure:5117: result: yes
configure:5117: checking for unistd.h
configure:5117: result: yes
configure:5132: checking for stdlib.h
configure:5132: result: yes
configure:5132: checking for string.h
configure:5132: result: yes
configure:5142: checking for stdbool.h that conforms to C99
configure:5216: result: yes
configure:5218: checking for _Bool
configure:5218: result: yes
configure:5345: checking that generated files are newer than configure
configure:5351: result: done
configure:5394: creating ./config.status

## ---------------- ##
## Cache variables. ##
## ---------------- ##

ac_cv_build=x86_64-unknown-linux-gnu
ac_cv_build_alias=x86_64-unknown-linux-gnu
ac_cv_c_compiler_gnu=yes
ac_cv_c_const=yes
ac_cv_c_inline=inline
ac_cv_c_volatile=yes
ac_cv_cxx_compiler_gnu=yes
ac_cv_env_CCC_set=
ac_cv_env_CCC_value=
ac_cv_env_CC_set=
ac_cv_env_CC_value=
ac_cv_env_CFLAGS_set=
ac_cv_env_CFLAGS_value=
ac_cv_env_CPPFLAGS_set=
ac_cv_env_CPPFLAGS_value=
ac_cv_env_CPP_set=
ac_cv_env_CPP_value=
ac_cv_env_CXXFLAGS_set=
ac_cv_env_CXXFLAGS_value=
ac_cv_env_CXX_set=
ac_cv_env_CXX_value=
ac_cv_env_LDFLAGS_set=
ac_cv_env_LDFLAGS_value=
ac_cv_env_LIBS_set=
ac_cv_env_LIBS_value=
ac_cv_env_build_alias_set=
ac_cv_env_build_alias_value=
ac_cv_env_host_alias_set=
ac_cv_env_host_alias_value=
ac_cv_env_target_alias_set=
ac_cv_env_target_alias_value=
ac_cv_exeext=
ac_cv_f77_compiler_gnu=yes
ac_cv_func___argz_count=yes
ac_cv_func___argz_next=yes
ac_cv_func___argz_stringify=yes
ac_cv_func__doprnt=no
ac_cv_func_alarm=yes
ac_cv_func_alloca_works=yes
ac_cv_func_bzero=yes
ac_cv_func_fork=yes
ac_cv_func_fork_works=yes
ac_cv_func_getcwd=yes
ac_cv_func_getpagesize=yes
ac_cv_func_gettimeofday=yes
ac_cv_func_inet_ntoa=yes
ac_cv_func_localtime_r=yes
ac_cv_func_lstat_dereferences_slashed_symlink=yes
ac_cv_func_lstat_empty_string_bug=no
ac_cv_func_malloc_0_nonnull=yes
ac_cv_func_memcmp_working=yes
ac_cv_func_mempcpy=yes
ac_cv_func_memset=yes
ac_cv_func_mmap_fixed_mapped=yes
ac_cv_func_munmap=yes
ac_cv_func_nl_langinfo=yes
ac_cv_func_realloc_0_nonnull=yes
ac_cv_func_select=yes
ac_cv_func_select_args='int,fd_set *,struct timeval *'
ac_cv_func_setlocale=yes
ac_cv_func_setpgrp_void=yes
ac_cv_func_stat_empty_string_bug=no
ac_cv_func_stpcpy=yes
ac_cv_func_strcasecmp=yes
ac_cv_func_strchr=yes
ac_cv_func_strcspn=yes
ac_cv_func_strdup=yes
ac_cv_func_strerror=yes
ac_cv_func_strnlen_working=yes
ac_cv_func_strrchr=yes
ac_cv_func_strstr=yes
ac_cv_func_strtol=yes
ac_cv_func_strtoul=yes
ac_cv_func_vfork=yes
ac_cv_func_vfork_works=yes
ac_cv_func_vprintf=yes
ac_cv_header_argz_h=yes
ac_cv_header_arpa_inet_h=yes
ac_cv_header_dlfcn_h=yes
ac_cv_header_fcntl_h=yes
ac_cv_header_float_h=yes
ac_cv_header_inttypes_h=yes
ac_cv_header_langinfo_h=yes
ac_cv_header_libintl_h=yes
ac_cv_header_limits_h=yes
ac_cv_header_locale_h=yes
ac_cv_header_malloc_h=yes
ac_cv_header_memory_h=yes
ac_cv_header_netinet_in_h=yes
ac_cv_header_stat_broken=no
ac_cv_header_stdbool_h=yes
ac_cv_header_stdc=yes
ac_cv_header_stddef_h=yes
ac_cv_header_stdint_h=yes
ac_cv_header_stdio_ext_h=yes
ac_cv_header_stdlib_h=yes
ac_cv_header_string_h=yes
ac_cv_header_strings_h=yes
ac_cv_header_sys_ioctl_h=yes
ac_cv_header_sys_mount_h=yes
ac_cv_header_sys_param_h=yes
ac_cv_header_sys_select_h=yes
ac_cv_header_sys_socket_h=yes
ac_cv_header_sys_stat_h=yes
ac_cv_header_sys_time_h=yes
ac_cv_header_sys_types_h=yes
ac_cv_header_sys_types_h_makedev=yes
ac_cv_header_sys_wait_h=yes
ac_cv_header_syslog_h=yes
ac_cv_header_termios_h=yes
ac_cv_header_time=yes
ac_cv_header_unistd_h=yes
ac_cv_header_values_h=yes
ac_cv_header_vfork_h=no
ac_cv_header_wchar_h=yes
ac_cv_lib_c_open=yes
ac_cv_lib_config_config_init=yes
ac_cv_lib_error_at_line=yes
ac_cv_lib_event_event_base_new=yes
ac_cv_lib_pthread_pthread_create=yes
ac_cv_lib_xml2_xmlNewDoc=yes
ac_cv_member_struct_stat_st_blksize=yes
ac_cv_member_struct_stat_st_blocks=yes
ac_cv_member_struct_stat_st_rdev=yes
ac_cv_objext=o
ac_cv_path_BZIP2_CMD=/usr/bin/bzip2
ac_cv_path_EGREP='/bin/grep -E'
ac_cv_path_GREP=/bin/grep
ac_cv_path_GZIP_CMD=/bin/gzip
ac_cv_path_MAKEWHATIS=/usr/sbin/makewhatis
ac_cv_path_ac_pt_AUTOM4TE=/usr/local/bin/autom4te
ac_cv_path_ac_pt_CHKCONFIG=/sbin/chkconfig
ac_cv_path_ac_pt_DEPMOD=/sbin/depmod
ac_cv_path_ac_pt_GPG=/usr/bin/gpg
ac_cv_path_ac_pt_KGENKSYMS=/lib/modules/2.6.32-431.el6.x86_64/build/scripts/genksyms/genksyms
ac_cv_path_ac_pt_LDCONFIG=/sbin/ldconfig
ac_cv_path_ac_pt_LSMOD=/sbin/lsmod
ac_cv_path_ac_pt_LSOF=/usr/sbin/lsof
ac_cv_path_ac_pt_MODPROBE=/sbin/modprobe
ac_cv_path_ac_pt_NM='/usr/bin/nm -B'
ac_cv_path_ac_pt_OBJDUMP=/usr/bin/objdump
ac_cv_path_ac_pt_RPM=/bin/rpm
ac_cv_path_install='/usr/bin/install -c'
ac_cv_path_mkdir=/bin/mkdir
ac_cv_prog_AWK=gawk
ac_cv_prog_CPP='gcc -E'
ac_cv_prog_CXXCPP='g++ -E'
ac_cv_prog_YACC='bison -y'
ac_cv_prog_ac_ct_AR=ar
ac_cv_prog_ac_ct_CC=gcc
ac_cv_prog_ac_ct_CXX=g++
ac_cv_prog_ac_ct_F77=f95
ac_cv_prog_ac_ct_RANLIB=ranlib
ac_cv_prog_ac_ct_STRIP=strip
ac_cv_prog_cc_c89=
ac_cv_prog_cc_g=yes
ac_cv_prog_cc_gcc_c_o=yes
ac_cv_prog_cc_stdc=
ac_cv_prog_cxx_g=yes
ac_cv_prog_egrep='grep -E'
ac_cv_prog_f77_g=yes
ac_cv_prog_gcc_traditional=no
ac_cv_prog_make_make_set=yes
ac_cv_struct_tm=time.h
ac_cv_type__Bool=yes
ac_cv_type_mode_t=yes
ac_cv_type_off_t=yes
ac_cv_type_pid_t=yes
ac_cv_type_ptrdiff_t=yes
ac_cv_type_signal=void
ac_cv_type_size_t=yes
ac_cv_type_uid_t=yes
ac_cv_working_alloca_h=yes
am_cv_CC_dependencies_compiler_type=gcc3
am_cv_CXX_dependencies_compiler_type=gcc3
am_cv_make_support_nested_variables=yes
am_cv_prog_cc_c_o=yes
dist_cv_build_codename=Santiago
dist_cv_build_cpu=x86_64
dist_cv_build_distrib='Red Hat Linux'
dist_cv_build_flavor=redhat
dist_cv_build_issue_file=/etc/issue
dist_cv_build_lsb_file=/etc/lsb-release
dist_cv_build_rel_file=/etc/redhat-release
dist_cv_build_release=6.5
dist_cv_build_vendor=redhat
dist_cv_host_codename=Santiago
dist_cv_host_cpu=x86_64
dist_cv_host_distrib='Red Hat Linux'
dist_cv_host_flavor=redhat
dist_cv_host_issue_file=/etc/issue
dist_cv_host_lsb_file=/etc/lsb-release
dist_cv_host_rel_file=/etc/redhat-release
dist_cv_host_release=6.5
dist_cv_host_vendor=redhat
lt_cv_deplibs_check_method=pass_all
lt_cv_file_magic_cmd='$MAGIC_CMD'
lt_cv_file_magic_test_file=
lt_cv_ld_reload_flag=-r
lt_cv_objdir=.libs
lt_cv_path_LD=/usr/bin/ld
lt_cv_path_LDCXX='/usr/bin/ld -m elf_x86_64'
lt_cv_path_NM='/usr/bin/nm -B'
lt_cv_path_SED=/bin/sed
lt_cv_prog_compiler_c_o=yes
lt_cv_prog_compiler_c_o_CXX=yes
lt_cv_prog_compiler_c_o_F77=yes
lt_cv_prog_compiler_rtti_exceptions=no
lt_cv_prog_gnu_ld=yes
lt_cv_prog_gnu_ldcxx=yes
lt_cv_sys_global_symbol_pipe='sed -n -e '\''s/^.*[ 	]\([ABCDGIRSTW][ABCDGIRSTW]*\)[ 	][ 	]*\([_A-Za-z][_A-Za-z0-9]*\)$/\1 \2 \2/p'\'''
lt_cv_sys_global_symbol_to_c_name_address='sed -n -e '\''s/^: \([^ ]*\) $/  {\"\1\", (lt_ptr) 0},/p'\'' -e '\''s/^[BCDEGRST] \([^ ]*\) \([^ ]*\)$/  {"\2", (lt_ptr) \&\2},/p'\'''
lt_cv_sys_global_symbol_to_cdecl='sed -n -e '\''s/^. .* \(.*\)$/extern int \1;/p'\'''
lt_cv_sys_max_cmd_len=32768
lt_lt_cv_prog_compiler_c_o='"yes"'
lt_lt_cv_prog_compiler_c_o_CXX='"yes"'
lt_lt_cv_prog_compiler_c_o_F77='"yes"'
lt_lt_cv_sys_global_symbol_pipe='"sed -n -e '\''s/^.*[ 	]\\([ABCDGIRSTW][ABCDGIRSTW]*\\)[ 	][ 	]*\\([_A-Za-z][_A-Za-z0-9]*\\)\$/\\1 \\2 \\2/p'\''"'
lt_lt_cv_sys_global_symbol_to_c_name_address='"sed -n -e '\''s/^: \\([^ ]*\\) \$/  {\\\"\\1\\\", (lt_ptr) 0},/p'\'' -e '\''s/^[BCDEGRST] \\([^ ]*\\) \\([^ ]*\\)\$/  {\"\\2\", (lt_ptr) \\&\\2},/p'\''"'
lt_lt_cv_sys_global_symbol_to_cdecl='"sed -n -e '\''s/^. .* \\(.*\\)\$/extern int \\1;/p'\''"'

## ----------------- ##
## Output variables. ##
## ----------------- ##

ACLOCAL='${SHELL} /home/chengg/src/ptf/src/missing aclocal-1.14'
AMDEPBACKSLASH='\'
AMDEP_FALSE='#'
AMDEP_TRUE=''
AMTAR='$${TAR-tar}'
AM_BACKSLASH='\'
AM_DEFAULT_V='$(AM_DEFAULT_VERBOSITY)'
AM_DEFAULT_VERBOSITY='1'
AM_V='$(V)'
AUTOCONF='${SHELL} /home/chengg/src/ptf/src/missing autoconf'
AUTOHEADER='${SHELL} /home/chengg/src/ptf/src/missing autoheader'
AUTOMAKE='${SHELL} /home/chengg/src/ptf/src/missing automake-1.14'
AWK='gawk'
CC='gcc'
CCDEPMODE='depmode=gcc3'
CFLAGS='-g -O2'
CPP='gcc -E'
CPPFLAGS=''
CXX='g++'
CXXDEPMODE='depmode=gcc3'
CXXFLAGS='-g -O2'
CYGPATH_W='echo'
DEFS='-DHAVE_CONFIG_H'
DEPDIR='.deps'
ECHO_C=''
ECHO_N='-n'
ECHO_T=''
EGREP='/bin/grep -E'
EXEEXT=''
GREP='/bin/grep'
INSTALL_DATA='${INSTALL} -m 644'
INSTALL_PROGRAM='${INSTALL}'
INSTALL_SCRIPT='${INSTALL}'
INSTALL_STRIP_PROGRAM='$(install_sh) -c -s'
LDFLAGS=''
LIBOBJS=''
LIBS='-lxml2 -levent -lconfig '
LTLIBOBJS=''
MAKEINFO='${SHELL} /home/chengg/src/ptf/src/missing makeinfo'
MKDIR_P='/bin/mkdir -p'
OBJEXT='o'
PACKAGE='ptf'
PACKAGE_BUGREPORT='chiron_me@126.com'
PACKAGE_NAME='ptf'
PACKAGE_STRING='ptf 1.0.0'
PACKAGE_TARNAME='ptf'
PACKAGE_URL=''
PACKAGE_VERSION='1.0.0'
PATH_SEPARATOR=':'
SET_MAKE=''
SHELL='/bin/sh'
STRIP=''
VERSION='1.0.0'
ac_ct_CC='gcc'
ac_ct_CXX='g++'
am__EXEEXT_FALSE=''
am__EXEEXT_TRUE='#'
am__fastdepCC_FALSE='#'
am__fastdepCC_TRUE=''
am__fastdepCXX_FALSE='#'
am__fastdepCXX_TRUE=''
am__include='include'
am__isrc=''
am__leading_dot='.'
am__nodep='_no'
am__quote=''
am__tar='$${TAR-tar} chof - "$$tardir"'
am__untar='$${TAR-tar} xf -'
bindir='${exec_prefix}/bin'
build_alias=''
datadir='${datarootdir}'
datarootdir='${prefix}/share'
docdir='${datarootdir}/doc/${PACKAGE_TARNAME}'
dvidir='${docdir}'
exec_prefix='${prefix}'
host_alias=''
htmldir='${docdir}'
includedir='${prefix}/include'
infodir='${datarootdir}/info'
install_sh='${SHELL} /home/chengg/src/ptf/src/install-sh'
libdir='${exec_prefix}/lib'
libexecdir='${exec_prefix}/libexec'
localedir='${datarootdir}/locale'
localstatedir='${prefix}/var'
mandir='${datarootdir}/man'
mkdir_p='$(MKDIR_P)'
oldincludedir='/usr/include'
pdfdir='${docdir}'
prefix='/usr/local'
program_transform_name='s,x,x,'
psdir='${docdir}'
sbindir='${exec_prefix}/sbin'
sharedstatedir='${prefix}/com'
sysconfdir='${prefix}/etc'
target_alias=''

## ----------- ##
## confdefs.h. ##
## ----------- ##

/* confdefs.h */
#define PACKAGE_NAME "ptf"
#define PACKAGE_TARNAME "ptf"
#define PACKAGE_VERSION "1.0.0"
#define PACKAGE_STRING "ptf 1.0.0"
#define PACKAGE_BUGREPORT "chiron_me@126.com"
#define PACKAGE_URL ""
#define PACKAGE "ptf"
#define VERSION "1.0.0"
#define PACKAGE "ptf"
#define VERSION "1.0.0"
#define HAVE_LIBCONFIG 1
#define HAVE_LIBEVENT 1
#define HAVE_LIBXML2 1
#define STDC_HEADERS 1
#define HAVE_SYS_TYPES_H 1
#define HAVE_SYS_STAT_H 1
#define HAVE_STDLIB_H 1
#define HAVE_STRING_H 1
#define HAVE_MEMORY_H 1
#define HAVE_STRINGS_H 1
#define HAVE_INTTYPES_H 1
#define HAVE_STDINT_H 1
#define HAVE_UNISTD_H 1
#define HAVE_STDLIB_H 1
#define HAVE_STRING_H 1
#define HAVE__BOOL 1

configure: exit 0

## ---------------------- ##
## Running config.status. ##
## ---------------------- ##

This file was extended by ptf config.status 1.0.0, which was
generated by GNU Autoconf 2.69.  Invocation command line was

  CONFIG_FILES    = 
  CONFIG_HEADERS  = 
  CONFIG_LINKS    = 
  CONFIG_COMMANDS = 
  $ ./config.status 

on bicc-scp

config.status:866: creating Makefile
config.status:866: creating config.h
config.status:1047: config.h is unchanged
config.status:1095: executing depfiles commands

## ---------------------- ##
## Running config.status. ##
## ---------------------- ##

This file was extended by ptf config.status 1.0.0, which was
generated by GNU Autoconf 2.69.  Invocation command line was

  CONFIG_FILES    = 
  CONFIG_HEADERS  = 
  CONFIG_LINKS    = 
  CONFIG_COMMANDS = 
  $ ./config.status config.h

on bicc-scp

config.status:866: creating config.h

## ---------------------- ##
## Running config.status. ##
## ---------------------- ##

This file was extended by ptf config.status 1.0.0, which was
generated by GNU Autoconf 2.69.  Invocation command line was

  CONFIG_FILES    = 
  CONFIG_HEADERS  = 
  CONFIG_LINKS    = 
  CONFIG_COMMANDS = 
  $ ./config.status Makefile depfiles

on bicc-scp

config.status:866: creating Makefile
config.status:1095: executing depfiles commands
